0 info it worked if it ends with ok
1 verbose cli [ '/Users/ryanyoungdale/.nvm/versions/node/v6.11.2/bin/node',
1 verbose cli   '/Users/ryanyoungdale/.nvm/versions/node/v6.11.2/bin/npm',
1 verbose cli   'run',
1 verbose cli   'watch' ]
2 info using npm@3.10.10
3 info using node@v6.11.2
4 verbose run-script [ 'prewatch', 'watch', 'postwatch' ]
5 info lifecycle flask-react-hello-app@1.0.0~prewatch: flask-react-hello-app@1.0.0
6 silly lifecycle flask-react-hello-app@1.0.0~prewatch: no script for prewatch, continuing
7 info lifecycle flask-react-hello-app@1.0.0~watch: flask-react-hello-app@1.0.0
8 verbose lifecycle flask-react-hello-app@1.0.0~watch: unsafe-perm in lifecycle true
9 verbose lifecycle flask-react-hello-app@1.0.0~watch: PATH: /Users/ryanyoungdale/.nvm/versions/node/v6.11.2/lib/node_modules/npm/bin/node-gyp-bin:/Users/ryanyoungdale/python-projects/flask-react-hello-app/node_modules/.bin:/Library/Frameworks/Python.framework/Versions/3.7/bin:/Users/ryanyoungdale/.nvm/versions/node/v6.11.2/bin:/Users/ryanyoungdale/.rvm/gems/ruby-2.3.3/bin:/Users/ryanyoungdale/.rvm/gems/ruby-2.3.3@global/bin:/Users/ryanyoungdale/.rvm/rubies/ruby-2.3.3/bin:/Applications/Postgres.app/Contents/Versions/latest/bin:/usr/local:/usr/local/bin:/usr/local/sbin:/usr/bin:/usr/local/bin:/usr/bin:/bin:/usr/sbin:/sbin:/Users/ryanyoungdale/.rvm/bin
10 verbose lifecycle flask-react-hello-app@1.0.0~watch: CWD: /Users/ryanyoungdale/python-projects/flask-react-hello-app
11 silly lifecycle flask-react-hello-app@1.0.0~watch: Args: [ '-c',
11 silly lifecycle   'webpack --progress -d --config webpack.config.js --watch' ]
12 silly lifecycle flask-react-hello-app@1.0.0~watch: Returned: code: 1  signal: null
13 info lifecycle flask-react-hello-app@1.0.0~watch: Failed to exec watch script
14 verbose stack Error: flask-react-hello-app@1.0.0 watch: `webpack --progress -d --config webpack.config.js --watch`
14 verbose stack Exit status 1
14 verbose stack     at EventEmitter.<anonymous> (/Users/ryanyoungdale/.nvm/versions/node/v6.11.2/lib/node_modules/npm/lib/utils/lifecycle.js:255:16)
14 verbose stack     at emitTwo (events.js:106:13)
14 verbose stack     at EventEmitter.emit (events.js:191:7)
14 verbose stack     at ChildProcess.<anonymous> (/Users/ryanyoungdale/.nvm/versions/node/v6.11.2/lib/node_modules/npm/lib/utils/spawn.js:40:14)
14 verbose stack     at emitTwo (events.js:106:13)
14 verbose stack     at ChildProcess.emit (events.js:191:7)
14 verbose stack     at maybeClose (internal/child_process.js:891:16)
14 verbose stack     at Process.ChildProcess._handle.onexit (internal/child_process.js:226:5)
15 verbose pkgid flask-react-hello-app@1.0.0
16 verbose cwd /Users/ryanyoungdale/python-projects/flask-react-hello-app
17 error Darwin 17.7.0
18 error argv "/Users/ryanyoungdale/.nvm/versions/node/v6.11.2/bin/node" "/Users/ryanyoungdale/.nvm/versions/node/v6.11.2/bin/npm" "run" "watch"
19 error node v6.11.2
20 error npm  v3.10.10
21 error code ELIFECYCLE
22 error flask-react-hello-app@1.0.0 watch: `webpack --progress -d --config webpack.config.js --watch`
22 error Exit status 1
23 error Failed at the flask-react-hello-app@1.0.0 watch script 'webpack --progress -d --config webpack.config.js --watch'.
23 error Make sure you have the latest version of node.js and npm installed.
23 error If you do, this is most likely a problem with the flask-react-hello-app package,
23 error not with npm itself.
23 error Tell the author that this fails on your system:
23 error     webpack --progress -d --config webpack.config.js --watch
23 error You can get information on how to open an issue for this project with:
23 error     npm bugs flask-react-hello-app
23 error Or if that isn't available, you can get their info via:
23 error     npm owner ls flask-react-hello-app
23 error There is likely additional logging output above.
24 verbose exit [ 1, true ]
